<?xml version="1.0" encoding="UTF-8"?>
<!-- Generated by org.testng.reporters.JUnitXMLReporter -->
<testsuite ignored="0" hostname="IN-6PHN2J3" failures="0" tests="4" name="Test" time="83.997" errors="0" timestamp="13 Nov 2022 12:08:32 GMT">
  <testcase classname="runner.TestRunner" name="@AfterClass reprt" time="0.006">
    <failure type="java.lang.NullPointerException">
      <![CDATA[java.lang.NullPointerException
at com.cucumber.listener.Reporter.loadXMLConfig(Reporter.java:56)
at runner.TestRunner.reprt(TestRunner.java:36)
... Removed 26 stack frames]]>
    </failure>
  </testcase> <!-- @AfterClass reprt -->
  <testcase classname="cucumber.api.testng.AbstractTestNGCucumberTests" name="feature" time="16.285"/>
  <testcase classname="cucumber.api.testng.AbstractTestNGCucumberTests" name="feature" time="31.097"/>
  <testcase classname="cucumber.api.testng.AbstractTestNGCucumberTests" name="feature" time="17.592"/>
  <testcase classname="cucumber.api.testng.AbstractTestNGCucumberTests" name="feature" time="18.577"/>
</testsuite> <!-- Test -->
