<?xml version="1.0" encoding="UTF-8"?>
<!-- Generated by org.testng.reporters.JUnitXMLReporter -->
<testsuite ignored="0" hostname="IN-6PHN2J3" failures="1" tests="4" name="Test" time="86.933" errors="0" timestamp="13 Nov 2022 17:38:19 GMT">
  <testcase classname="runner.TestRunner" name="@AfterClass reprt" time="0.008">
    <failure type="java.lang.NullPointerException">
      <![CDATA[java.lang.NullPointerException
at com.cucumber.listener.Reporter.loadXMLConfig(Reporter.java:56)
at runner.TestRunner.reprt(TestRunner.java:36)
... Removed 26 stack frames]]>
    </failure>
  </testcase> <!-- @AfterClass reprt -->
  <testcase classname="cucumber.api.testng.AbstractTestNGCucumberTests" name="feature" time="15.385"/>
  <testcase classname="cucumber.api.testng.AbstractTestNGCucumberTests" name="feature" time="42.326">
    <failure type="cucumber.runtime.CucumberException" message="org.openqa.selenium.WebDriverException: An unknown server-side error occurred while processing the command. Original error: Could not proxy command to the remote server. Original error: socket hang up
Build info: version: &amp;apos;3.141.59&amp;apos;, revision: &amp;apos;e82be7d358&amp;apos;, time: &amp;apos;2018-11-14T08:17:03&amp;apos;
System info: host: &amp;apos;IN-6PHN2J3&amp;apos;, ip: &amp;apos;192.168.1.3&amp;apos;, os.name: &amp;apos;Windows 10&amp;apos;, os.arch: &amp;apos;amd64&amp;apos;, os.version: &amp;apos;10.0&amp;apos;, java.version: &amp;apos;11.0.5&amp;apos;
Driver info: io.appium.java_client.android.AndroidDriver
Capabilities {app: C:\Users\gauravkaushik01\ec..., appActivity: .ApiDemos, appPackage: io.appium.android.apis, databaseEnabled: false, desired: {app: C:\Users\gauravkaushik01\ec..., appActivity: .ApiDemos, appPackage: io.appium.android.apis, deviceName: Android, isHeadless: true, platformName: android, platformVersion: 11}, deviceApiLevel: 30, deviceManufacturer: unknown, deviceModel: Android SDK built for x86, deviceName: emulator-5554, deviceScreenDensity: 440, deviceScreenSize: 1080x2340, deviceUDID: emulator-5554, isHeadless: true, javascriptEnabled: true, locationContextEnabled: false, networkConnectionEnabled: true, pixelRatio: 2.75, platform: LINUX, platformName: Android, platformVersion: 11, statBarHeight: 136, takesScreenshot: true, viewportRect: {height: 1936, left: 0, top: 136, width: 1080}, warnings: {}, webStorageEnabled: false}
Session ID: 9e6aee16-0a4e-4213-8639-d345a1696f7a">
      <![CDATA[cucumber.runtime.CucumberException: org.openqa.selenium.WebDriverException: An unknown server-side error occurred while processing the command. Original error: Could not proxy command to the remote server. Original error: socket hang up
Build info: version: '3.141.59', revision: 'e82be7d358', time: '2018-11-14T08:17:03'
System info: host: 'IN-6PHN2J3', ip: '192.168.1.3', os.name: 'Windows 10', os.arch: 'amd64', os.version: '10.0', java.version: '11.0.5'
Driver info: io.appium.java_client.android.AndroidDriver
Capabilities {app: C:\Users\gauravkaushik01\ec..., appActivity: .ApiDemos, appPackage: io.appium.android.apis, databaseEnabled: false, desired: {app: C:\Users\gauravkaushik01\ec..., appActivity: .ApiDemos, appPackage: io.appium.android.apis, deviceName: Android, isHeadless: true, platformName: android, platformVersion: 11}, deviceApiLevel: 30, deviceManufacturer: unknown, deviceModel: Android SDK built for x86, deviceName: emulator-5554, deviceScreenDensity: 440, deviceScreenSize: 1080x2340, deviceUDID: emulator-5554, isHeadless: true, javascriptEnabled: true, locationContextEnabled: false, networkConnectionEnabled: true, pixelRatio: 2.75, platform: LINUX, platformName: Android, platformVersion: 11, statBarHeight: 136, takesScreenshot: true, viewportRect: {height: 1936, left: 0, top: 136, width: 1080}, warnings: {}, webStorageEnabled: false}
Session ID: 9e6aee16-0a4e-4213-8639-d345a1696f7a
at cucumber.api.testng.TestNGCucumberRunner.runCucumber(TestNGCucumberRunner.java:69)
at cucumber.api.testng.AbstractTestNGCucumberTests.feature(AbstractTestNGCucumberTests.java:21)
Caused by: org.openqa.selenium.WebDriverException: An unknown server-side error occurred while processing the command. Original error: Could not proxy command to the remote server. Original error: socket hang up
Build info: version: '3.141.59', revision: 'e82be7d358', time: '2018-11-14T08:17:03'
System info: host: 'IN-6PHN2J3', ip: '192.168.1.3', os.name: 'Windows 10', os.arch: 'amd64', os.version: '10.0', java.version: '11.0.5'
Driver info: io.appium.java_client.android.AndroidDriver
Capabilities {app: C:\Users\gauravkaushik01\ec..., appActivity: .ApiDemos, appPackage: io.appium.android.apis, databaseEnabled: false, desired: {app: C:\Users\gauravkaushik01\ec..., appActivity: .ApiDemos, appPackage: io.appium.android.apis, deviceName: Android, isHeadless: true, platformName: android, platformVersion: 11}, deviceApiLevel: 30, deviceManufacturer: unknown, deviceModel: Android SDK built for x86, deviceName: emulator-5554, deviceScreenDensity: 440, deviceScreenSize: 1080x2340, deviceUDID: emulator-5554, isHeadless: true, javascriptEnabled: true, locationContextEnabled: false, networkConnectionEnabled: true, pixelRatio: 2.75, platform: LINUX, platformName: Android, platformVersion: 11, statBarHeight: 136, takesScreenshot: true, viewportRect: {height: 1936, left: 0, top: 136, width: 1080}, warnings: {}, webStorageEnabled: false}
Session ID: 9e6aee16-0a4e-4213-8639-d345a1696f7a
at org.openqa.selenium.remote.http.W3CHttpResponseCodec.createException(W3CHttpResponseCodec.java:187)
at org.openqa.selenium.remote.http.W3CHttpResponseCodec.decode(W3CHttpResponseCodec.java:122)
at org.openqa.selenium.remote.http.W3CHttpResponseCodec.decode(W3CHttpResponseCodec.java:49)
at org.openqa.selenium.remote.HttpCommandExecutor.execute(HttpCommandExecutor.java:158)
at io.appium.java_client.remote.AppiumCommandExecutor.execute(AppiumCommandExecutor.java:231)
at org.openqa.selenium.remote.RemoteWebDriver.execute(RemoteWebDriver.java:552)
at io.appium.java_client.DefaultGenericMobileDriver.execute(DefaultGenericMobileDriver.java:42)
at io.appium.java_client.AppiumDriver.execute(AppiumDriver.java:1)
at io.appium.java_client.android.AndroidDriver.execute(AndroidDriver.java:1)
at org.openqa.selenium.remote.RemoteWebElement.execute(RemoteWebElement.java:285)
at io.appium.java_client.DefaultGenericMobileElement.execute(DefaultGenericMobileElement.java:45)
at io.appium.java_client.MobileElement.execute(MobileElement.java:1)
at io.appium.java_client.android.AndroidElement.execute(AndroidElement.java:1)
at org.openqa.selenium.remote.RemoteWebElement.click(RemoteWebElement.java:84)
at io.appium.java_client.pagefactory.ElementInterceptor.getObject(ElementInterceptor.java:40)
at io.appium.java_client.pagefactory.interceptors.InterceptorOfASingleElement.intercept(InterceptorOfASingleElement.java:61)
at io.appium.java_client.android.AndroidElement$$EnhancerByCGLIB$$b598166c.click(<generated>)
at Screens.AnimationFeatureScreen.defaultLayoutAnimation(AnimationFeatureScreen.java:62)
at stepDefs.AnimationFeature_stepDef.user_click_on_default_layout_animation(AnimationFeature_stepDef.java:40)
at ✽.And User click on Default layout animation(AnimationFeature.feature:7)
... Removed 33 stack frames]]>
    </failure>
  </testcase> <!-- feature -->
  <testcase classname="cucumber.api.testng.AbstractTestNGCucumberTests" name="feature" time="13.896"/>
  <testcase classname="cucumber.api.testng.AbstractTestNGCucumberTests" name="feature" time="14.957"/>
</testsuite> <!-- Test -->
