<?xml version="1.0" encoding="UTF-8"?>
<!-- Generated by org.testng.reporters.JUnitXMLReporter -->
<testsuite ignored="0" hostname="IN-6PHN2J3" failures="0" tests="4" name="Test" time="82.301" errors="0" timestamp="14 Nov 2022 06:18:49 GMT">
  <testcase classname="runner.TestRunner" name="@AfterClass reprt" time="0.013">
    <failure type="java.lang.NullPointerException">
      <![CDATA[java.lang.NullPointerException
at com.cucumber.listener.Reporter.loadXMLConfig(Reporter.java:56)
at runner.TestRunner.reprt(TestRunner.java:36)
... Removed 29 stack frames]]>
    </failure>
  </testcase> <!-- @AfterClass reprt -->
  <testcase classname="cucumber.api.testng.AbstractTestNGCucumberTests" name="feature" time="22.995"/>
  <testcase classname="cucumber.api.testng.AbstractTestNGCucumberTests" name="feature" time="29.534"/>
  <testcase classname="cucumber.api.testng.AbstractTestNGCucumberTests" name="feature" time="14.322"/>
  <testcase classname="cucumber.api.testng.AbstractTestNGCucumberTests" name="feature" time="14.99"/>
</testsuite> <!-- Test -->
