-------------------------------------------------------------------------------
Test set: TestSuite
-------------------------------------------------------------------------------
Tests run: 6, Failures: 1, Errors: 0, Skipped: 1, Time elapsed: 85.641 sec <<< FAILURE! - in TestSuite
reprt(runner.TestRunner)  Time elapsed: 15.016 sec  <<< FAILURE!
java.lang.NullPointerException
	at runner.TestRunner.reprt(TestRunner.java:36)

