<?xml version="1.0" encoding="UTF-8"?>
<testsuite xmlns:xsi="http://www.w3.org/2001/XMLSchema-instance" xsi:schemaLocation="https://maven.apache.org/surefire/maven-surefire-plugin/xsd/surefire-test-report.xsd" name="TestSuite" time="85.641" tests="6" errors="0" skipped="1" failures="1">
  <properties>
[...]
</properties>
  <testcase name="feature" classname="runner.TestRunner" time="22.997"/>
  <testcase name="feature" classname="runner.TestRunner" time="29.535"/>
  <testcase name="feature" classname="runner.TestRunner" time="14.323"/>
  <testcase name="feature" classname="runner.TestRunner" time="14.991"/>
  <testcase name="reprt" classname="runner.TestRunner" time="15.016">
    <failure type="java.lang.NullPointerException">java.lang.NullPointerException
	at runner.TestRunner.reprt(TestRunner.java:36)
</failure>
    <system-out><![CDATA[, so not returning
[debug] &amp#27;[35m[W3C (15abf21a)]&amp#27;[39m Responding to client with driver.deleteSession() result: null
&amp#27;[35m[HTTP]&amp#27;[39m &amp#27;[37m<-- DELETE /wd/hub/session/15abf21a-6781-49a6-b751-55a0384d1f50 &amp#27;[39m&amp#27;[32m200&amp#27;[39m &amp#27;[90m404 ms - 14&amp#27;[39m
&amp#27;[35m[HTTP]&amp#27;[39m &amp#27;[90m&amp#27;[39m
]]></system-out>
  </testcase>
  <testcase name="stopAppium" classname="runner.TestRunner" time="0">
    <skipped/>
    <system-out><![CDATA[
5 Scenarios (5 passed)
23 Steps (23 passed)
1m21.748s

]]></system-out>
  </testcase>
</testsuite>